2025-08-11 10:02:00,788 [INFO] :rocket: Running Scrapy spider...
2025-08-11 10:02:09,404 [INFO] :white_check_mark: Scraping complete.
2025-08-11 10:02:09,404 [INFO] :inbox_tray: Appending JSON to CSV...
2025-08-11 10:02:09,604 [INFO] :white_check_mark: Append complete.
2025-08-11 10:02:09,627 [INFO] 

2025-08-12 10:02:02,237 [INFO] :rocket: Running Scrapy spider...
2025-08-12 10:02:09,853 [INFO] :white_check_mark: Scraping complete.
2025-08-12 10:02:09,853 [INFO] :inbox_tray: Appending JSON to CSV...
2025-08-12 10:02:10,026 [INFO] :white_check_mark: Append complete.
2025-08-12 10:02:10,027 [INFO] 

2025-08-13 10:02:02,490 [INFO] :rocket: Running Scrapy spider...
2025-08-13 10:02:13,211 [INFO] :white_check_mark: Scraping complete.
2025-08-13 10:02:13,212 [INFO] :inbox_tray: Appending JSON to CSV...
2025-08-13 10:02:13,396 [INFO] :white_check_mark: Append complete.
2025-08-13 10:02:13,397 [INFO] 

2025-08-13 05:27:44,051 [INFO] :rocket: Running Scrapy spider...
2025-08-13 05:27:47,502 [INFO] :white_check_mark: Scraping complete.
2025-08-13 05:27:47,502 [INFO] :inbox_tray: Appending JSON to CSV...
2025-08-13 05:27:47,532 [INFO] :white_check_mark: Append complete.
2025-08-13 05:27:47,532 [INFO] 

2025-08-13 05:49:57,244 [INFO] :rocket: Running Scrapy spider...
2025-08-13 05:50:02,043 [INFO] :white_check_mark: Scraping complete.
2025-08-13 05:50:02,043 [INFO] :inbox_tray: Appending JSON to CSV...
2025-08-13 05:50:02,074 [INFO] :white_check_mark: Append complete.
2025-08-13 05:50:02,074 [INFO] 

2025-08-14 05:49:15,035 [INFO] :rocket: Running Scrapy spider...
2025-08-14 05:49:17,785 [INFO] :white_check_mark: Scraping complete.
2025-08-14 05:49:17,785 [INFO] :inbox_tray: Appending JSON to CSV...
2025-08-14 05:49:17,815 [INFO] :white_check_mark: Append complete.
2025-08-14 05:49:17,815 [INFO] 

2025-08-15 05:49:18,625 [INFO] :rocket: Running Scrapy spider...
2025-08-15 05:49:23,531 [INFO] :white_check_mark: Scraping complete.
2025-08-15 05:49:23,531 [INFO] :inbox_tray: Appending JSON to CSV...
2025-08-15 05:49:23,561 [INFO] :white_check_mark: Append complete.
2025-08-15 05:49:23,562 [INFO] 

2025-08-16 05:46:06,331 [INFO] :rocket: Running Scrapy spider...
2025-08-16 05:46:09,745 [INFO] :white_check_mark: Scraping complete.
2025-08-16 05:46:09,745 [INFO] :inbox_tray: Appending JSON to CSV...
2025-08-16 05:46:09,775 [INFO] :white_check_mark: Append complete.
2025-08-16 05:46:09,775 [INFO] 

2025-08-17 05:47:48,593 [INFO] :rocket: Running Scrapy spider...
2025-08-17 05:47:53,015 [INFO] :white_check_mark: Scraping complete.
2025-08-17 05:47:53,015 [INFO] :inbox_tray: Appending JSON to CSV...
2025-08-17 05:47:53,044 [INFO] :white_check_mark: Append complete.
2025-08-17 05:47:53,044 [INFO] 

2025-08-18 05:52:13,557 [INFO] :rocket: Running Scrapy spider...
2025-08-18 05:52:16,056 [INFO] :white_check_mark: Scraping complete.
2025-08-18 05:52:16,056 [INFO] :inbox_tray: Appending JSON to CSV...
2025-08-18 05:52:16,086 [INFO] :white_check_mark: Append complete.
2025-08-18 05:52:16,086 [INFO] 

2025-08-19 05:45:25,383 [INFO] :rocket: Running Scrapy spider...
2025-08-19 05:45:27,926 [INFO] :white_check_mark: Scraping complete.
2025-08-19 05:45:27,926 [INFO] :inbox_tray: Appending JSON to CSV...
2025-08-19 05:45:27,957 [INFO] :white_check_mark: Append complete.
2025-08-19 05:45:27,957 [INFO] 

2025-08-20 05:45:51,501 [INFO] :rocket: Running Scrapy spider...
2025-08-20 05:45:53,847 [INFO] :white_check_mark: Scraping complete.
2025-08-20 05:45:53,847 [INFO] :inbox_tray: Appending JSON to CSV...
2025-08-20 05:45:53,877 [INFO] :white_check_mark: Append complete.
2025-08-20 05:45:53,877 [INFO] 

2025-08-21 05:46:22,141 [INFO] :rocket: Running Scrapy spider...
2025-08-21 05:46:26,794 [INFO] :white_check_mark: Scraping complete.
2025-08-21 05:46:26,795 [INFO] :inbox_tray: Appending JSON to CSV...
2025-08-21 05:46:26,825 [INFO] :white_check_mark: Append complete.
2025-08-21 05:46:26,825 [INFO] 

2025-08-22 05:45:03,056 [INFO] :rocket: Running Scrapy spider...
2025-08-22 05:45:06,391 [INFO] :white_check_mark: Scraping complete.
2025-08-22 05:45:06,391 [INFO] :inbox_tray: Appending JSON to CSV...
2025-08-22 05:45:06,419 [INFO] :white_check_mark: Append complete.
2025-08-22 05:45:06,419 [INFO] 

2025-08-23 05:42:58,781 [INFO] :rocket: Running Scrapy spider...
2025-08-23 05:43:01,580 [INFO] :white_check_mark: Scraping complete.
2025-08-23 05:43:01,581 [INFO] :inbox_tray: Appending JSON to CSV...
2025-08-23 05:43:01,611 [INFO] :white_check_mark: Append complete.
2025-08-23 05:43:01,611 [INFO] 

